{
  "stats": {
    "suites": 1,
    "tests": 5,
    "passes": 5,
    "pending": 0,
    "failures": 0,
    "start": "2024-06-26T08:35:14.070Z",
    "end": "2024-06-26T08:35:15.414Z",
    "duration": 1344,
    "testsRegistered": 5,
    "passPercent": 100,
    "pendingPercent": 0,
    "other": 0,
    "hasOther": false,
    "skipped": 0,
    "hasSkipped": false
  },
  "results": [
    {
      "uuid": "32d858e5-bf7c-4dd6-ad17-beb46037ee40",
      "title": "",
      "fullFile": "cypress\\e2e\\spec.cy.js",
      "file": "cypress\\e2e\\spec.cy.js",
      "beforeHooks": [],
      "afterHooks": [],
      "tests": [],
      "suites": [
        {
          "uuid": "764f6741-469d-4553-b646-be07a89192ac",
          "title": "EJERCICIO 2 | Gestión de una tienda de venta",
          "fullFile": "",
          "file": "",
          "beforeHooks": [],
          "afterHooks": [],
          "tests": [
            {
              "title": "Validar la consulta de una ordenData de compra ",
              "fullTitle": "EJERCICIO 2 | Gestión de una tienda de venta Validar la consulta de una ordenData de compra ",
              "timedOut": null,
              "duration": 567,
              "state": "passed",
              "speed": "fast",
              "pass": true,
              "fail": false,
              "pending": false,
              "context": null,
              "code": "cy.api({\n  method: 'GET',\n  url: `/9`\n}).then(response => {\n  expect(response.status).to.equal(statusApi.successfulOperation);\n});",
              "err": {},
              "uuid": "75f54699-4761-421e-9d31-9a4ad3bd5f92",
              "parentUUID": "764f6741-469d-4553-b646-be07a89192ac",
              "isHook": false,
              "skipped": false
            },
            {
              "title": "Validar creación de una orden de compra ",
              "fullTitle": "EJERCICIO 2 | Gestión de una tienda de venta Validar creación de una orden de compra ",
              "timedOut": null,
              "duration": 142,
              "state": "passed",
              "speed": "fast",
              "pass": true,
              "fail": false,
              "pending": false,
              "context": null,
              "code": "cy.api({\n  method: 'POST',\n  url: `/`,\n  body: {\n    id: ordenData.id,\n    petId: ordenData.petId,\n    quantity: ordenData.quantity,\n    shipDate: ordenData.shipDate,\n    status: ordenData.status,\n    complete: ordenData.complete\n  }\n}).then(response => {\n  expect(response.status).to.equal(statusApi.successfulOperation);\n  expect(response.body.id).to.equal(ordenData.id);\n  expect(response.body.petId).to.equal(ordenData.petId);\n  expect(response.body.shipDate).to.equal(ordenData.shipDate);\n  expect(response.body.status).to.equal(ordenData.status);\n  expect(response.body.complete).to.equal(ordenData.complete);\n});",
              "err": {},
              "uuid": "22e1d1ae-8e80-474f-a497-d092a5306a70",
              "parentUUID": "764f6741-469d-4553-b646-be07a89192ac",
              "isHook": false,
              "skipped": false
            },
            {
              "title": "Validar la consulta de una orden de compra creada ",
              "fullTitle": "EJERCICIO 2 | Gestión de una tienda de venta Validar la consulta de una orden de compra creada ",
              "timedOut": null,
              "duration": 145,
              "state": "passed",
              "speed": "fast",
              "pass": true,
              "fail": false,
              "pending": false,
              "context": null,
              "code": "cy.api({\n  method: 'GET',\n  url: `https://petstore.swagger.io/v2/store/order/${ordenData.id}`\n}).then(response => {\n  expect(response.status).to.equal(200);\n  expect(response.body.id).to.equal(ordenData.id);\n  expect(response.body.petId).to.equal(ordenData.petId);\n  expect(response.body.shipDate).to.equal(ordenData.shipDate);\n  expect(response.body.status).to.equal(ordenData.status);\n  expect(response.body.complete).to.equal(ordenData.complete);\n});",
              "err": {},
              "uuid": "8f69b291-7e1a-4331-adbe-e9f7eb461281",
              "parentUUID": "764f6741-469d-4553-b646-be07a89192ac",
              "isHook": false,
              "skipped": false
            },
            {
              "title": "Verificar inventario de ventas ",
              "fullTitle": "EJERCICIO 2 | Gestión de una tienda de venta Verificar inventario de ventas ",
              "timedOut": null,
              "duration": 130,
              "state": "passed",
              "speed": "fast",
              "pass": true,
              "fail": false,
              "pending": false,
              "context": null,
              "code": "cy.api({\n  method: 'GET',\n  url: `https://petstore.swagger.io/v2/store/inventory`\n}).then(response => {\n  expect(response.status).to.equal(statusApi.successfulOperation);\n});",
              "err": {},
              "uuid": "0f7e94a0-ecf9-4bef-93a6-788568c78e57",
              "parentUUID": "764f6741-469d-4553-b646-be07a89192ac",
              "isHook": false,
              "skipped": false
            },
            {
              "title": "Validar eliminar mascota por ID",
              "fullTitle": "EJERCICIO 2 | Gestión de una tienda de venta Validar eliminar mascota por ID",
              "timedOut": null,
              "duration": 281,
              "state": "passed",
              "speed": "fast",
              "pass": true,
              "fail": false,
              "pending": false,
              "context": null,
              "code": "cy.api({\n  method: 'DELETE',\n  url: `/${ordenData.id}`\n}).then(response => {\n  expect(response.status).to.equal(statusApi.successfulOperation);\n});\n//Validar que el registro eliminado ya no existe\ncy.api({\n  method: 'DELETE',\n  url: `/${ordenData.id}`,\n  failOnStatusCode: false\n}).then(response => {\n  expect(response.status).to.equal(statusApi.orderNotfound);\n});",
              "err": {},
              "uuid": "b06dc5c6-f6ed-47da-8608-b320ba9bcdc3",
              "parentUUID": "764f6741-469d-4553-b646-be07a89192ac",
              "isHook": false,
              "skipped": false
            }
          ],
          "suites": [],
          "passes": [
            "75f54699-4761-421e-9d31-9a4ad3bd5f92",
            "22e1d1ae-8e80-474f-a497-d092a5306a70",
            "8f69b291-7e1a-4331-adbe-e9f7eb461281",
            "0f7e94a0-ecf9-4bef-93a6-788568c78e57",
            "b06dc5c6-f6ed-47da-8608-b320ba9bcdc3"
          ],
          "failures": [],
          "pending": [],
          "skipped": [],
          "duration": 1265,
          "root": false,
          "rootEmpty": false,
          "_timeout": 2000
        }
      ],
      "passes": [],
      "failures": [],
      "pending": [],
      "skipped": [],
      "duration": 0,
      "root": true,
      "rootEmpty": true,
      "_timeout": 2000
    }
  ],
  "meta": {
    "mocha": {
      "version": "7.0.1"
    },
    "mochawesome": {
      "options": {
        "quiet": false,
        "reportFilename": "mochawesome",
        "saveHtml": true,
        "saveJson": true,
        "consoleReporter": "spec",
        "useInlineDiffs": false,
        "code": true
      },
      "version": "7.1.3"
    },
    "marge": {
      "options": {
        "id": "default",
        "reportDir": "cypress/tests_results/mocha/reportJson",
        "overwrite": false,
        "html": true,
        "json": true
      },
      "version": "6.2.0"
    }
  }
}