{
  "stats": {
    "suites": 1,
    "tests": 5,
    "passes": 5,
    "pending": 0,
    "failures": 0,
    "start": "2024-06-26T08:13:16.887Z",
    "end": "2024-06-26T08:13:18.189Z",
    "duration": 1302,
    "testsRegistered": 5,
    "passPercent": 100,
    "pendingPercent": 0,
    "other": 0,
    "hasOther": false,
    "skipped": 0,
    "hasSkipped": false
  },
  "results": [
    {
      "uuid": "eadc6a65-e8e5-4ba9-ab5b-86c90441bf27",
      "title": "",
      "fullFile": "cypress\\e2e\\spec.cy.js",
      "file": "cypress\\e2e\\spec.cy.js",
      "beforeHooks": [],
      "afterHooks": [],
      "tests": [],
      "suites": [
        {
          "uuid": "37767411-d7d9-4101-9079-bcb3627771c7",
          "title": "EJERCICIO 2 | Gestión de una tienda de venta",
          "fullFile": "",
          "file": "",
          "beforeHooks": [],
          "afterHooks": [],
          "tests": [
            {
              "title": "Validar la consulta de una ordenData de compra ",
              "fullTitle": "EJERCICIO 2 | Gestión de una tienda de venta Validar la consulta de una ordenData de compra ",
              "timedOut": null,
              "duration": 576,
              "state": "passed",
              "speed": "fast",
              "pass": true,
              "fail": false,
              "pending": false,
              "context": null,
              "code": "cy.api({\n  method: 'GET',\n  url: `/9`\n}).then(response => {\n  expect(response.status).to.equal(statusApi.successfulOperation);\n});",
              "err": {},
              "uuid": "50752ce9-cc09-48b9-9a88-94d544bb05f5",
              "parentUUID": "37767411-d7d9-4101-9079-bcb3627771c7",
              "isHook": false,
              "skipped": false
            },
            {
              "title": "Validar creación de una orden de compra ",
              "fullTitle": "EJERCICIO 2 | Gestión de una tienda de venta Validar creación de una orden de compra ",
              "timedOut": null,
              "duration": 139,
              "state": "passed",
              "speed": "fast",
              "pass": true,
              "fail": false,
              "pending": false,
              "context": null,
              "code": "cy.api({\n  method: 'POST',\n  url: `/`,\n  body: {\n    id: ordenData.id,\n    petId: ordenData.petId,\n    quantity: ordenData.quantity,\n    shipDate: ordenData.shipDate,\n    status: ordenData.status,\n    complete: ordenData.complete\n  }\n}).then(response => {\n  expect(response.status).to.equal(statusApi.successfulOperation);\n  expect(response.body.id).to.equal(ordenData.id);\n  expect(response.body.petId).to.equal(ordenData.petId);\n  expect(response.body.shipDate).to.equal(ordenData.shipDate);\n  expect(response.body.status).to.equal(ordenData.status);\n  expect(response.body.complete).to.equal(ordenData.complete);\n});",
              "err": {},
              "uuid": "a72bfe7c-e8ab-4fec-8017-8178d173b0ce",
              "parentUUID": "37767411-d7d9-4101-9079-bcb3627771c7",
              "isHook": false,
              "skipped": false
            },
            {
              "title": "Validar la consulta de una orden de compra creada ",
              "fullTitle": "EJERCICIO 2 | Gestión de una tienda de venta Validar la consulta de una orden de compra creada ",
              "timedOut": null,
              "duration": 130,
              "state": "passed",
              "speed": "fast",
              "pass": true,
              "fail": false,
              "pending": false,
              "context": null,
              "code": "cy.api({\n  method: 'GET',\n  url: `https://petstore.swagger.io/v2/store/order/${ordenData.id}`\n}).then(response => {\n  expect(response.status).to.equal(200);\n  expect(response.body.id).to.equal(ordenData.id);\n  expect(response.body.petId).to.equal(ordenData.petId);\n  expect(response.body.shipDate).to.equal(ordenData.shipDate);\n  expect(response.body.status).to.equal(ordenData.status);\n  expect(response.body.complete).to.equal(ordenData.complete);\n});",
              "err": {},
              "uuid": "f7ff56b0-1372-4929-8f02-06d14efb35e0",
              "parentUUID": "37767411-d7d9-4101-9079-bcb3627771c7",
              "isHook": false,
              "skipped": false
            },
            {
              "title": "Verificar inventario de ventas ",
              "fullTitle": "EJERCICIO 2 | Gestión de una tienda de venta Verificar inventario de ventas ",
              "timedOut": null,
              "duration": 131,
              "state": "passed",
              "speed": "fast",
              "pass": true,
              "fail": false,
              "pending": false,
              "context": null,
              "code": "cy.api({\n  method: 'GET',\n  url: `https://petstore.swagger.io/v2/store/inventory`\n}).then(response => {\n  expect(response.status).to.equal(statusApi.successfulOperation);\n});",
              "err": {},
              "uuid": "4c1cdc08-6d35-42c8-b8cd-dc7794408dad",
              "parentUUID": "37767411-d7d9-4101-9079-bcb3627771c7",
              "isHook": false,
              "skipped": false
            },
            {
              "title": "Validar eliminar mascota por ID",
              "fullTitle": "EJERCICIO 2 | Gestión de una tienda de venta Validar eliminar mascota por ID",
              "timedOut": null,
              "duration": 239,
              "state": "passed",
              "speed": "fast",
              "pass": true,
              "fail": false,
              "pending": false,
              "context": null,
              "code": "cy.api({\n  method: 'DELETE',\n  url: `/${ordenData.id}`\n}).then(response => {\n  expect(response.status).to.equal(statusApi.successfulOperation);\n});\n//Validar que el registro eliminado ya no existe\ncy.api({\n  method: 'DELETE',\n  url: `/${ordenData.id}`,\n  failOnStatusCode: false\n}).then(response => {\n  expect(response.status).to.equal(statusApi.orderNotfound);\n});",
              "err": {},
              "uuid": "761da482-b00c-4167-9366-7835a3c1c563",
              "parentUUID": "37767411-d7d9-4101-9079-bcb3627771c7",
              "isHook": false,
              "skipped": false
            }
          ],
          "suites": [],
          "passes": [
            "50752ce9-cc09-48b9-9a88-94d544bb05f5",
            "a72bfe7c-e8ab-4fec-8017-8178d173b0ce",
            "f7ff56b0-1372-4929-8f02-06d14efb35e0",
            "4c1cdc08-6d35-42c8-b8cd-dc7794408dad",
            "761da482-b00c-4167-9366-7835a3c1c563"
          ],
          "failures": [],
          "pending": [],
          "skipped": [],
          "duration": 1215,
          "root": false,
          "rootEmpty": false,
          "_timeout": 2000
        }
      ],
      "passes": [],
      "failures": [],
      "pending": [],
      "skipped": [],
      "duration": 0,
      "root": true,
      "rootEmpty": true,
      "_timeout": 2000
    }
  ],
  "meta": {
    "mocha": {
      "version": "7.0.1"
    },
    "mochawesome": {
      "options": {
        "quiet": false,
        "reportFilename": "mochawesome",
        "saveHtml": false,
        "saveJson": true,
        "consoleReporter": "spec",
        "useInlineDiffs": false,
        "code": true
      },
      "version": "7.1.3"
    },
    "marge": {
      "options": {
        "id": "default",
        "reportDir": "cypress/tests_results/mocha/reportJson",
        "overwrite": false,
        "html": false,
        "json": true
      },
      "version": "6.2.0"
    }
  }
}