{
  "stats": {
    "suites": 1,
    "tests": 5,
    "passes": 5,
    "pending": 0,
    "failures": 0,
    "start": "2024-06-26T08:14:41.469Z",
    "end": "2024-06-26T08:14:43.124Z",
    "duration": 1655,
    "testsRegistered": 5,
    "passPercent": 100,
    "pendingPercent": 0,
    "other": 0,
    "hasOther": false,
    "skipped": 0,
    "hasSkipped": false
  },
  "results": [
    {
      "uuid": "fa4da1d0-7599-4a90-aedf-ef7655e77351",
      "title": "",
      "fullFile": "cypress\\e2e\\spec.cy.js",
      "file": "cypress\\e2e\\spec.cy.js",
      "beforeHooks": [],
      "afterHooks": [],
      "tests": [],
      "suites": [
        {
          "uuid": "6a912d08-50aa-4800-b6c2-694b29cde389",
          "title": "EJERCICIO 2 | Gestión de una tienda de venta",
          "fullFile": "",
          "file": "",
          "beforeHooks": [],
          "afterHooks": [],
          "tests": [
            {
              "title": "Validar la consulta de una ordenData de compra ",
              "fullTitle": "EJERCICIO 2 | Gestión de una tienda de venta Validar la consulta de una ordenData de compra ",
              "timedOut": null,
              "duration": 614,
              "state": "passed",
              "speed": "fast",
              "pass": true,
              "fail": false,
              "pending": false,
              "context": null,
              "code": "cy.api({\n  method: 'GET',\n  url: `/9`\n}).then(response => {\n  expect(response.status).to.equal(statusApi.successfulOperation);\n});",
              "err": {},
              "uuid": "429f03cb-8dfd-4af3-bae0-a6463e21e896",
              "parentUUID": "6a912d08-50aa-4800-b6c2-694b29cde389",
              "isHook": false,
              "skipped": false
            },
            {
              "title": "Validar creación de una orden de compra ",
              "fullTitle": "EJERCICIO 2 | Gestión de una tienda de venta Validar creación de una orden de compra ",
              "timedOut": null,
              "duration": 199,
              "state": "passed",
              "speed": "fast",
              "pass": true,
              "fail": false,
              "pending": false,
              "context": null,
              "code": "cy.api({\n  method: 'POST',\n  url: `/`,\n  body: {\n    id: ordenData.id,\n    petId: ordenData.petId,\n    quantity: ordenData.quantity,\n    shipDate: ordenData.shipDate,\n    status: ordenData.status,\n    complete: ordenData.complete\n  }\n}).then(response => {\n  expect(response.status).to.equal(statusApi.successfulOperation);\n  expect(response.body.id).to.equal(ordenData.id);\n  expect(response.body.petId).to.equal(ordenData.petId);\n  expect(response.body.shipDate).to.equal(ordenData.shipDate);\n  expect(response.body.status).to.equal(ordenData.status);\n  expect(response.body.complete).to.equal(ordenData.complete);\n});",
              "err": {},
              "uuid": "166771c0-9f1d-4ce8-8dfd-d3ac03a41e8a",
              "parentUUID": "6a912d08-50aa-4800-b6c2-694b29cde389",
              "isHook": false,
              "skipped": false
            },
            {
              "title": "Validar la consulta de una orden de compra creada ",
              "fullTitle": "EJERCICIO 2 | Gestión de una tienda de venta Validar la consulta de una orden de compra creada ",
              "timedOut": null,
              "duration": 189,
              "state": "passed",
              "speed": "fast",
              "pass": true,
              "fail": false,
              "pending": false,
              "context": null,
              "code": "cy.api({\n  method: 'GET',\n  url: `https://petstore.swagger.io/v2/store/order/${ordenData.id}`\n}).then(response => {\n  expect(response.status).to.equal(200);\n  expect(response.body.id).to.equal(ordenData.id);\n  expect(response.body.petId).to.equal(ordenData.petId);\n  expect(response.body.shipDate).to.equal(ordenData.shipDate);\n  expect(response.body.status).to.equal(ordenData.status);\n  expect(response.body.complete).to.equal(ordenData.complete);\n});",
              "err": {},
              "uuid": "f6927659-ea94-4b59-9d27-0be949d17f9f",
              "parentUUID": "6a912d08-50aa-4800-b6c2-694b29cde389",
              "isHook": false,
              "skipped": false
            },
            {
              "title": "Verificar inventario de ventas ",
              "fullTitle": "EJERCICIO 2 | Gestión de una tienda de venta Verificar inventario de ventas ",
              "timedOut": null,
              "duration": 186,
              "state": "passed",
              "speed": "fast",
              "pass": true,
              "fail": false,
              "pending": false,
              "context": null,
              "code": "cy.api({\n  method: 'GET',\n  url: `https://petstore.swagger.io/v2/store/inventory`\n}).then(response => {\n  expect(response.status).to.equal(statusApi.successfulOperation);\n});",
              "err": {},
              "uuid": "d9895272-991f-479a-87dc-f83bd934afef",
              "parentUUID": "6a912d08-50aa-4800-b6c2-694b29cde389",
              "isHook": false,
              "skipped": false
            },
            {
              "title": "Validar eliminar mascota por ID",
              "fullTitle": "EJERCICIO 2 | Gestión de una tienda de venta Validar eliminar mascota por ID",
              "timedOut": null,
              "duration": 389,
              "state": "passed",
              "speed": "fast",
              "pass": true,
              "fail": false,
              "pending": false,
              "context": null,
              "code": "cy.api({\n  method: 'DELETE',\n  url: `/${ordenData.id}`\n}).then(response => {\n  expect(response.status).to.equal(statusApi.successfulOperation);\n});\n//Validar que el registro eliminado ya no existe\ncy.api({\n  method: 'DELETE',\n  url: `/${ordenData.id}`,\n  failOnStatusCode: false\n}).then(response => {\n  expect(response.status).to.equal(statusApi.orderNotfound);\n});",
              "err": {},
              "uuid": "0db9edb7-74b2-4c3b-b876-4918770ebf21",
              "parentUUID": "6a912d08-50aa-4800-b6c2-694b29cde389",
              "isHook": false,
              "skipped": false
            }
          ],
          "suites": [],
          "passes": [
            "429f03cb-8dfd-4af3-bae0-a6463e21e896",
            "166771c0-9f1d-4ce8-8dfd-d3ac03a41e8a",
            "f6927659-ea94-4b59-9d27-0be949d17f9f",
            "d9895272-991f-479a-87dc-f83bd934afef",
            "0db9edb7-74b2-4c3b-b876-4918770ebf21"
          ],
          "failures": [],
          "pending": [],
          "skipped": [],
          "duration": 1577,
          "root": false,
          "rootEmpty": false,
          "_timeout": 2000
        }
      ],
      "passes": [],
      "failures": [],
      "pending": [],
      "skipped": [],
      "duration": 0,
      "root": true,
      "rootEmpty": true,
      "_timeout": 2000
    }
  ],
  "meta": {
    "mocha": {
      "version": "7.0.1"
    },
    "mochawesome": {
      "options": {
        "quiet": false,
        "reportFilename": "mochawesome",
        "saveHtml": true,
        "saveJson": true,
        "consoleReporter": "spec",
        "useInlineDiffs": false,
        "code": true
      },
      "version": "7.1.3"
    },
    "marge": {
      "options": {
        "id": "default",
        "reportDir": "cypress/tests_results/mocha/reportJson",
        "overwrite": false,
        "html": true,
        "json": true
      },
      "version": "6.2.0"
    }
  }
}